[DEBUG] Event Hyperf\Framework\Event\BootApplication handled by Hyperf\Config\Listener\RegisterPropertyHandlerListener listener.
[DEBUG] Event Hyperf\Framework\Event\BootApplication handled by Hyperf\ExceptionHandler\Listener\ExceptionHandlerListener listener.
[DEBUG] Event Hyperf\Framework\Event\BootApplication handled by Hyperf\DbConnection\Listener\RegisterConnectionResolverListener listener.

                                                       
  No arguments expected for "start" command, got "$".  
                                                       

start

[DEBUG] Event Hyperf\Framework\Event\BootApplication handled by Hyperf\Config\Listener\RegisterPropertyHandlerListener listener.
[DEBUG] Event Hyperf\Framework\Event\BootApplication handled by Hyperf\ExceptionHandler\Listener\ExceptionHandlerListener listener.
[DEBUG] Event Hyperf\Framework\Event\BootApplication handled by Hyperf\DbConnection\Listener\RegisterConnectionResolverListener listener.
[DEBUG] Event Hyperf\Framework\Event\BeforeMainServerStart handled by Hyperf\Process\Listener\BootProcessListener listener.
[DEBUG] Event Hyperf\Framework\Event\OnManagerStart handled by Hyperf\Server\Listener\InitProcessTitleListener listener.
[DEBUG] Event Hyperf\Framework\Event\OnStart handled by Hyperf\Server\Listener\InitProcessTitleListener listener.
[INFO] Worker#0 started.
[INFO] HTTP Server listening at 0.0.0.0:9501
[DEBUG] Event Hyperf\Framework\Event\AfterWorkerStart handled by Hyperf\Server\Listener\AfterWorkerStartListener listener.
[DEBUG] Event Hyperf\Framework\Event\AfterWorkerStart handled by Hyperf\Server\Listener\InitProcessTitleListener listener.
[DEBUG] Event Hyperf\Framework\Event\BootApplication handled by Hyperf\Config\Listener\RegisterPropertyHandlerListener listener.
[DEBUG] Event Hyperf\Framework\Event\BootApplication handled by Hyperf\ExceptionHandler\Listener\ExceptionHandlerListener listener.
[DEBUG] Event Hyperf\Framework\Event\BootApplication handled by Hyperf\DbConnection\Listener\RegisterConnectionResolverListener listener.
[DEBUG] Event Hyperf\Framework\Event\BeforeMainServerStart handled by Hyperf\Process\Listener\BootProcessListener listener.
[DEBUG] Event Hyperf\Framework\Event\OnManagerStart handled by Hyperf\Server\Listener\InitProcessTitleListener listener.
[DEBUG] Event Hyperf\Framework\Event\OnStart handled by Hyperf\Server\Listener\InitProcessTitleListener listener.
[INFO] Worker#0 started.
[INFO] HTTP Server listening at 0.0.0.0:9501
[DEBUG] Event Hyperf\Framework\Event\AfterWorkerStart handled by Hyperf\Server\Listener\AfterWorkerStartListener listener.
[DEBUG] Event Hyperf\Framework\Event\AfterWorkerStart handled by Hyperf\Server\Listener\InitProcessTitleListener listener.
[2022-07-06 11:30:28 #1678.1]	WARNING	swoole_signalfd_event_callback() (ERRNO 721): Unable to find callback function for signal Hangup: 1
[2022-07-06 11:30:28 #1678.1]	INFO	Server is shutdown now
[2022-07-06 11:30:28 $1686.0]	WARNING	swoole_signal_callback() (ERRNO 721): Unable to find callback function for signal Hangup: 1
[2022-07-06 11:30:28 *1688.0]	WARNING	swoole_signalfd_event_callback() (ERRNO 721): Unable to find callback function for signal Hangup: 1
[2022-07-06 11:30:28 $1686.0]	WARNING	swoole_signal_callback() (ERRNO 721): Unable to find callback function for signal Hangup: 1
[DEBUG] Event Hyperf\Framework\Event\BootApplication handled by Hyperf\Config\Listener\RegisterPropertyHandlerListener listener.
[DEBUG] Event Hyperf\Framework\Event\BootApplication handled by Hyperf\ServiceGovernanceConsul\Listener\RegisterDriverListener listener.
[DEBUG] Event Hyperf\Framework\Event\BootApplication handled by Hyperf\RpcClient\Listener\AddConsumerDefinitionListener listener.
[DEBUG] Event Hyperf\Framework\Event\BootApplication handled by Hyperf\JsonRpc\Listener\RegisterProtocolListener listener.
[DEBUG] Event Hyperf\Framework\Event\BootApplication handled by Hyperf\ExceptionHandler\Listener\ExceptionHandlerListener listener.
[DEBUG] Event Hyperf\Framework\Event\BootApplication handled by Hyperf\DbConnection\Listener\RegisterConnectionResolverListener listener.
[DEBUG] Event Hyperf\Framework\Event\BeforeMainServerStart handled by Hyperf\Process\Listener\BootProcessListener listener.
[DEBUG] Event Hyperf\Framework\Event\OnManagerStart handled by Hyperf\Server\Listener\InitProcessTitleListener listener.
[DEBUG] Event Hyperf\Framework\Event\MainWorkerStart handled by Hyperf\ServiceGovernance\Listener\RegisterServiceListener listener.
[INFO] Worker#0 started.
[DEBUG] Event Hyperf\Framework\Event\OnStart handled by Hyperf\Server\Listener\InitProcessTitleListener listener.
[INFO] HTTP Server listening at 0.0.0.0:9504
[INFO] HTTP Server listening at 0.0.0.0:9501
[DEBUG] Event Hyperf\Framework\Event\AfterWorkerStart handled by Hyperf\Server\Listener\AfterWorkerStartListener listener.
[DEBUG] Event Hyperf\Framework\Event\AfterWorkerStart handled by Hyperf\Server\Listener\InitProcessTitleListener listener.
[2023-03-25 18:22:42 #1935.1]	WARNING	swoole_signalfd_event_callback() (ERRNO 721): Unable to find callback function for signal Hangup: 1
[2023-03-25 18:22:42 #1935.1]	WARNING	swoole_signalfd_event_callback() (ERRNO 721): Unable to find callback function for signal Hangup: 1
[2023-03-25 18:22:42 #1935.1]	INFO	Server is shutdown now
[2023-03-25 18:22:42 $1943.0]	WARNING	swoole_signal_callback() (ERRNO 721): Unable to find callback function for signal Hangup: 1
[2023-03-25 18:22:42 $1943.0]	WARNING	swoole_signal_callback() (ERRNO 721): Unable to find callback function for signal Hangup: 1
[2023-03-25 18:22:42 *1944.0]	WARNING	swoole_signalfd_event_callback() (ERRNO 721): Unable to find callback function for signal Hangup: 1
[2023-03-25 18:22:42 *1944.0]	WARNING	swoole_signalfd_event_callback() (ERRNO 721): Unable to find callback function for signal Hangup: 1
